<?xml version="1.0" encoding="UTF-8"?>
<testng-results ignored="0" total="1" passed="1" failed="0" skipped="0">
  <reporter-output>
  </reporter-output>
  <suite started-at="2023-03-13T20:06:26 MST" name="Default suite" finished-at="2023-03-13T20:06:28 MST" duration-ms="2235">
    <groups>
    </groups>
    <test started-at="2023-03-13T20:06:26 MST" name="Default test" finished-at="2023-03-13T20:06:28 MST" duration-ms="2235">
      <class name="com.simpletests.Tct01GetData">
        <test-method is-config="true" signature="init()[pri:0, instance:com.simpletests.Tct01GetData@2e6a8155]" started-at="2023-03-13T20:06:26 MST" name="init" finished-at="2023-03-13T20:06:26 MST" duration-ms="466" status="PASS">
          <reporter-output>
          </reporter-output>
        </test-method> <!-- init -->
        <test-method signature="getEmployeeData()[pri:0, instance:com.simpletests.Tct01GetData@2e6a8155]" started-at="2023-03-13T20:06:26 MST" name="getEmployeeData" finished-at="2023-03-13T20:06:28 MST" duration-ms="1728" status="PASS">
          <reporter-output>
          </reporter-output>
        </test-method> <!-- getEmployeeData -->
      </class> <!-- com.simpletests.Tct01GetData -->
    </test> <!-- Default test -->
  </suite> <!-- Default suite -->
</testng-results>
